<?xml version="1.0" encoding="UTF-8"?>
<testsuite name="com.example.multiplication.service.MultiplicationServiceImplTest" tests="4" skipped="0" failures="0" errors="0" timestamp="2018-04-23T14:58:02" hostname="8570wu" time="0.072">
  <properties/>
  <testcase name="checkCorrectAttemptTest" classname="com.example.multiplication.service.MultiplicationServiceImplTest" time="0.054"/>
  <testcase name="checkWrongAttemptTest" classname="com.example.multiplication.service.MultiplicationServiceImplTest" time="0.001"/>
  <testcase name="retrieveStatsTest" classname="com.example.multiplication.service.MultiplicationServiceImplTest" time="0.01"/>
  <testcase name="createRandomMultiplication" classname="com.example.multiplication.service.MultiplicationServiceImplTest" time="0.004"/>
  <system-out><![CDATA[]]></system-out>
  <system-err><![CDATA[]]></system-err>
</testsuite>
