<?xml version="1.0" encoding="UTF-8"?>
<testsuite name="com.example.multiplication.controller.MultiplicationControllerTest" tests="1" skipped="0" failures="0" errors="0" timestamp="2018-04-23T14:58:12" hostname="8570wu" time="0.015">
  <properties/>
  <testcase name="getRandomMultiplicationTest" classname="com.example.multiplication.controller.MultiplicationControllerTest" time="0.015"/>
  <system-out><![CDATA[2018-04-23 21:58:11.135  INFO 9538 --- [    Test worker] .b.t.a.w.s.WebMvcTestContextBootstrapper : Neither @ContextConfiguration nor @ContextHierarchy found for test class [com.example.multiplication.controller.MultiplicationControllerTest], using SpringBootContextLoader
2018-04-23 21:58:11.151  INFO 9538 --- [    Test worker] o.s.t.c.support.AbstractContextLoader    : Could not detect default resource locations for test class [com.example.multiplication.controller.MultiplicationControllerTest]: no resource found for suffixes {-context.xml, Context.groovy}.
2018-04-23 21:58:11.165  INFO 9538 --- [    Test worker] t.c.s.AnnotationConfigContextLoaderUtils : Could not detect default configuration classes for test class [com.example.multiplication.controller.MultiplicationControllerTest]: MultiplicationControllerTest does not declare any static, non-private, non-final, nested classes annotated with @Configuration.
2018-04-23 21:58:11.192  INFO 9538 --- [    Test worker] .b.t.c.SpringBootTestContextBootstrapper : Found @SpringBootConfiguration com.example.multiplication.SocialMultiplicationApplication for test class com.example.multiplication.controller.MultiplicationControllerTest
2018-04-23 21:58:11.195  INFO 9538 --- [    Test worker] .b.t.a.w.s.WebMvcTestContextBootstrapper : Loaded default TestExecutionListener class names from location [META-INF/spring.factories]: [org.springframework.boot.test.mock.mockito.MockitoTestExecutionListener, org.springframework.boot.test.mock.mockito.ResetMocksTestExecutionListener, org.springframework.boot.test.autoconfigure.restdocs.RestDocsTestExecutionListener, org.springframework.boot.test.autoconfigure.web.client.MockRestServiceServerResetTestExecutionListener, org.springframework.boot.test.autoconfigure.web.servlet.MockMvcPrintOnlyOnFailureTestExecutionListener, org.springframework.boot.test.autoconfigure.web.servlet.WebDriverTestExecutionListener, org.springframework.test.context.web.ServletTestExecutionListener, org.springframework.test.context.support.DirtiesContextBeforeModesTestExecutionListener, org.springframework.test.context.support.DependencyInjectionTestExecutionListener, org.springframework.test.context.support.DirtiesContextTestExecutionListener, org.springframework.test.context.transaction.TransactionalTestExecutionListener, org.springframework.test.context.jdbc.SqlScriptsTestExecutionListener]
2018-04-23 21:58:11.198  INFO 9538 --- [    Test worker] .b.t.a.w.s.WebMvcTestContextBootstrapper : Using TestExecutionListeners: [org.springframework.test.context.web.ServletTestExecutionListener@4890b4cd, org.springframework.test.context.support.DirtiesContextBeforeModesTestExecutionListener@36455281, org.springframework.boot.test.mock.mockito.MockitoTestExecutionListener@54a1fefe, org.springframework.boot.test.autoconfigure.SpringBootDependencyInjectionTestExecutionListener@22207807, org.springframework.test.context.support.DirtiesContextTestExecutionListener@6f5b8652, org.springframework.test.context.transaction.TransactionalTestExecutionListener@73161062, org.springframework.test.context.jdbc.SqlScriptsTestExecutionListener@281b46f0, org.springframework.boot.test.mock.mockito.ResetMocksTestExecutionListener@95ae3b4, org.springframework.boot.test.autoconfigure.restdocs.RestDocsTestExecutionListener@3a008ddb, org.springframework.boot.test.autoconfigure.web.client.MockRestServiceServerResetTestExecutionListener@79560ff9, org.springframework.boot.test.autoconfigure.web.servlet.MockMvcPrintOnlyOnFailureTestExecutionListener@b88eae5, org.springframework.boot.test.autoconfigure.web.servlet.WebDriverTestExecutionListener@5591ff63]

  .   ____          _            __ _ _
 /\\ / ___'_ __ _ _(_)_ __  __ _ \ \ \ \
( ( )\___ | '_ | '_| | '_ \/ _` | \ \ \ \
 \\/  ___)| |_)| | | | | || (_| |  ) ) ) )
  '  |____| .__|_| |_|_| |_\__, | / / / /
 =========|_|==============|___/=/_/_/_/
 :: Spring Boot ::       (v1.5.12.RELEASE)

2018-04-23 21:58:11.255  INFO 9538 --- [    Test worker] c.e.m.c.MultiplicationControllerTest     : Starting MultiplicationControllerTest on 8570wu with PID 9538 (started by chinv in /home/chinv/dev/learn/microservice)
2018-04-23 21:58:11.255  INFO 9538 --- [    Test worker] c.e.m.c.MultiplicationControllerTest     : No active profile set, falling back to default profiles: default
2018-04-23 21:58:11.258  INFO 9538 --- [    Test worker] o.s.w.c.s.GenericWebApplicationContext   : Refreshing org.springframework.web.context.support.GenericWebApplicationContext@165051d8: startup date [Mon Apr 23 21:58:11 ICT 2018]; root of context hierarchy
2018-04-23 21:58:11.705  INFO 9538 --- [    Test worker] s.w.s.m.m.a.RequestMappingHandlerAdapter : Looking for @ControllerAdvice: org.springframework.web.context.support.GenericWebApplicationContext@165051d8: startup date [Mon Apr 23 21:58:11 ICT 2018]; root of context hierarchy
2018-04-23 21:58:11.727  INFO 9538 --- [    Test worker] s.w.s.m.m.a.RequestMappingHandlerMapping : Mapped "{[/multiplications/random],methods=[GET]}" onto public com.example.multiplication.domain.Multiplication com.example.multiplication.controller.MultiplicationController.getRandomMultiplication()
2018-04-23 21:58:11.730  INFO 9538 --- [    Test worker] s.w.s.m.m.a.RequestMappingHandlerMapping : Mapped "{[/error],produces=[text/html]}" onto public org.springframework.web.servlet.ModelAndView org.springframework.boot.autoconfigure.web.BasicErrorController.errorHtml(javax.servlet.http.HttpServletRequest,javax.servlet.http.HttpServletResponse)
2018-04-23 21:58:11.730  INFO 9538 --- [    Test worker] s.w.s.m.m.a.RequestMappingHandlerMapping : Mapped "{[/error]}" onto public org.springframework.http.ResponseEntity<java.util.Map<java.lang.String, java.lang.Object>> org.springframework.boot.autoconfigure.web.BasicErrorController.error(javax.servlet.http.HttpServletRequest)
2018-04-23 21:58:11.772  INFO 9538 --- [    Test worker] o.s.w.s.handler.SimpleUrlHandlerMapping  : Mapped URL path [/webjars/**] onto handler of type [class org.springframework.web.servlet.resource.ResourceHttpRequestHandler]
2018-04-23 21:58:11.772  INFO 9538 --- [    Test worker] o.s.w.s.handler.SimpleUrlHandlerMapping  : Mapped URL path [/**] onto handler of type [class org.springframework.web.servlet.resource.ResourceHttpRequestHandler]
2018-04-23 21:58:11.817  INFO 9538 --- [    Test worker] o.s.w.s.handler.SimpleUrlHandlerMapping  : Mapped URL path [/**/favicon.ico] onto handler of type [class org.springframework.web.servlet.resource.ResourceHttpRequestHandler]
2018-04-23 21:58:11.838  INFO 9538 --- [    Test worker] oConfiguration$WelcomePageHandlerMapping : Adding welcome page: ServletContext resource [/index.html]
2018-04-23 21:58:11.908  INFO 9538 --- [    Test worker] o.s.b.t.m.w.SpringBootMockServletContext : Initializing Spring FrameworkServlet ''
2018-04-23 21:58:11.908  INFO 9538 --- [    Test worker] o.s.t.web.servlet.TestDispatcherServlet  : FrameworkServlet '': initialization started
2018-04-23 21:58:11.920  INFO 9538 --- [    Test worker] o.s.t.web.servlet.TestDispatcherServlet  : FrameworkServlet '': initialization completed in 12 ms
2018-04-23 21:58:12.038  INFO 9538 --- [    Test worker] c.e.m.c.MultiplicationControllerTest     : Started MultiplicationControllerTest in 0.833 seconds (JVM running for 10.033)
]]></system-out>
  <system-err><![CDATA[]]></system-err>
</testsuite>
