<?xml version="1.0" encoding="UTF-8"?>
<testsuite name="com.example.multiplication.service.RandomGeneratorServiceImplTest" tests="1" skipped="0" failures="0" errors="0" timestamp="2018-04-23T14:58:02" hostname="8570wu" time="0.001">
  <properties/>
  <testcase name="generateRandomFactor" classname="com.example.multiplication.service.RandomGeneratorServiceImplTest" time="0.001"/>
  <system-out><![CDATA[]]></system-out>
  <system-err><![CDATA[]]></system-err>
</testsuite>
