<?xml version="1.0" encoding="UTF-8"?>
<testsuite name="com.example.multiplication.controller.MultiplicationResultAttemptControllerTest" tests="3" skipped="0" failures="0" errors="0" timestamp="2018-04-23T14:58:10" hostname="8570wu" time="0.26">
  <properties/>
  <testcase name="getUserStats" classname="com.example.multiplication.controller.MultiplicationResultAttemptControllerTest" time="0.168"/>
  <testcase name="postResultReturnCorrect" classname="com.example.multiplication.controller.MultiplicationResultAttemptControllerTest" time="0.075"/>
  <testcase name="postResultReturnNotCorrect" classname="com.example.multiplication.controller.MultiplicationResultAttemptControllerTest" time="0.012"/>
  <system-out><![CDATA[2018-04-23 21:58:09.876  INFO 9538 --- [    Test worker] .b.t.a.w.s.WebMvcTestContextBootstrapper : Neither @ContextConfiguration nor @ContextHierarchy found for test class [com.example.multiplication.controller.MultiplicationResultAttemptControllerTest], using SpringBootContextLoader
2018-04-23 21:58:09.877  INFO 9538 --- [    Test worker] o.s.t.c.support.AbstractContextLoader    : Could not detect default resource locations for test class [com.example.multiplication.controller.MultiplicationResultAttemptControllerTest]: no resource found for suffixes {-context.xml, Context.groovy}.
2018-04-23 21:58:09.877  INFO 9538 --- [    Test worker] t.c.s.AnnotationConfigContextLoaderUtils : Could not detect default configuration classes for test class [com.example.multiplication.controller.MultiplicationResultAttemptControllerTest]: MultiplicationResultAttemptControllerTest does not declare any static, non-private, non-final, nested classes annotated with @Configuration.
2018-04-23 21:58:09.925  INFO 9538 --- [    Test worker] .b.t.c.SpringBootTestContextBootstrapper : Found @SpringBootConfiguration com.example.multiplication.SocialMultiplicationApplication for test class com.example.multiplication.controller.MultiplicationResultAttemptControllerTest
2018-04-23 21:58:09.928  INFO 9538 --- [    Test worker] .b.t.a.w.s.WebMvcTestContextBootstrapper : Loaded default TestExecutionListener class names from location [META-INF/spring.factories]: [org.springframework.boot.test.mock.mockito.MockitoTestExecutionListener, org.springframework.boot.test.mock.mockito.ResetMocksTestExecutionListener, org.springframework.boot.test.autoconfigure.restdocs.RestDocsTestExecutionListener, org.springframework.boot.test.autoconfigure.web.client.MockRestServiceServerResetTestExecutionListener, org.springframework.boot.test.autoconfigure.web.servlet.MockMvcPrintOnlyOnFailureTestExecutionListener, org.springframework.boot.test.autoconfigure.web.servlet.WebDriverTestExecutionListener, org.springframework.test.context.web.ServletTestExecutionListener, org.springframework.test.context.support.DirtiesContextBeforeModesTestExecutionListener, org.springframework.test.context.support.DependencyInjectionTestExecutionListener, org.springframework.test.context.support.DirtiesContextTestExecutionListener, org.springframework.test.context.transaction.TransactionalTestExecutionListener, org.springframework.test.context.jdbc.SqlScriptsTestExecutionListener]
2018-04-23 21:58:09.931  INFO 9538 --- [    Test worker] .b.t.a.w.s.WebMvcTestContextBootstrapper : Using TestExecutionListeners: [org.springframework.test.context.web.ServletTestExecutionListener@179d7f12, org.springframework.test.context.support.DirtiesContextBeforeModesTestExecutionListener@f0cbe89, org.springframework.boot.test.mock.mockito.MockitoTestExecutionListener@4292f689, org.springframework.boot.test.autoconfigure.SpringBootDependencyInjectionTestExecutionListener@89baeb, org.springframework.test.context.support.DirtiesContextTestExecutionListener@7c102007, org.springframework.test.context.transaction.TransactionalTestExecutionListener@168221fa, org.springframework.test.context.jdbc.SqlScriptsTestExecutionListener@43f1bb1d, org.springframework.boot.test.mock.mockito.ResetMocksTestExecutionListener@e620f6a, org.springframework.boot.test.autoconfigure.restdocs.RestDocsTestExecutionListener@738f16b9, org.springframework.boot.test.autoconfigure.web.client.MockRestServiceServerResetTestExecutionListener@740564c3, org.springframework.boot.test.autoconfigure.web.servlet.MockMvcPrintOnlyOnFailureTestExecutionListener@3ae2100d, org.springframework.boot.test.autoconfigure.web.servlet.WebDriverTestExecutionListener@24654164]

  .   ____          _            __ _ _
 /\\ / ___'_ __ _ _(_)_ __  __ _ \ \ \ \
( ( )\___ | '_ | '_| | '_ \/ _` | \ \ \ \
 \\/  ___)| |_)| | | | | || (_| |  ) ) ) )
  '  |____| .__|_| |_|_| |_\__, | / / / /
 =========|_|==============|___/=/_/_/_/
 :: Spring Boot ::       (v1.5.12.RELEASE)

2018-04-23 21:58:09.989  INFO 9538 --- [    Test worker] ultiplicationResultAttemptControllerTest : Starting MultiplicationResultAttemptControllerTest on 8570wu with PID 9538 (started by chinv in /home/chinv/dev/learn/microservice)
2018-04-23 21:58:09.989  INFO 9538 --- [    Test worker] ultiplicationResultAttemptControllerTest : No active profile set, falling back to default profiles: default
2018-04-23 21:58:09.992  INFO 9538 --- [    Test worker] o.s.w.c.s.GenericWebApplicationContext   : Refreshing org.springframework.web.context.support.GenericWebApplicationContext@183433db: startup date [Mon Apr 23 21:58:09 ICT 2018]; root of context hierarchy
2018-04-23 21:58:10.549  INFO 9538 --- [    Test worker] s.w.s.m.m.a.RequestMappingHandlerAdapter : Looking for @ControllerAdvice: org.springframework.web.context.support.GenericWebApplicationContext@183433db: startup date [Mon Apr 23 21:58:09 ICT 2018]; root of context hierarchy
2018-04-23 21:58:10.571  INFO 9538 --- [    Test worker] s.w.s.m.m.a.RequestMappingHandlerMapping : Mapped "{[/results],methods=[POST]}" onto org.springframework.http.ResponseEntity<com.example.multiplication.domain.MultiplicationResultAttempt> com.example.multiplication.controller.MultiplicationResultAttemptController.postResult(com.example.multiplication.domain.MultiplicationResultAttempt)
2018-04-23 21:58:10.572  INFO 9538 --- [    Test worker] s.w.s.m.m.a.RequestMappingHandlerMapping : Mapped "{[/results],methods=[GET]}" onto org.springframework.http.ResponseEntity<java.util.List<com.example.multiplication.domain.MultiplicationResultAttempt>> com.example.multiplication.controller.MultiplicationResultAttemptController.getStatistics(java.lang.String)
2018-04-23 21:58:10.574  INFO 9538 --- [    Test worker] s.w.s.m.m.a.RequestMappingHandlerMapping : Mapped "{[/error],produces=[text/html]}" onto public org.springframework.web.servlet.ModelAndView org.springframework.boot.autoconfigure.web.BasicErrorController.errorHtml(javax.servlet.http.HttpServletRequest,javax.servlet.http.HttpServletResponse)
2018-04-23 21:58:10.574  INFO 9538 --- [    Test worker] s.w.s.m.m.a.RequestMappingHandlerMapping : Mapped "{[/error]}" onto public org.springframework.http.ResponseEntity<java.util.Map<java.lang.String, java.lang.Object>> org.springframework.boot.autoconfigure.web.BasicErrorController.error(javax.servlet.http.HttpServletRequest)
2018-04-23 21:58:10.617  INFO 9538 --- [    Test worker] o.s.w.s.handler.SimpleUrlHandlerMapping  : Mapped URL path [/webjars/**] onto handler of type [class org.springframework.web.servlet.resource.ResourceHttpRequestHandler]
2018-04-23 21:58:10.618  INFO 9538 --- [    Test worker] o.s.w.s.handler.SimpleUrlHandlerMapping  : Mapped URL path [/**] onto handler of type [class org.springframework.web.servlet.resource.ResourceHttpRequestHandler]
2018-04-23 21:58:10.660  INFO 9538 --- [    Test worker] o.s.w.s.handler.SimpleUrlHandlerMapping  : Mapped URL path [/**/favicon.ico] onto handler of type [class org.springframework.web.servlet.resource.ResourceHttpRequestHandler]
2018-04-23 21:58:10.678  INFO 9538 --- [    Test worker] oConfiguration$WelcomePageHandlerMapping : Adding welcome page: ServletContext resource [/index.html]
2018-04-23 21:58:10.763  INFO 9538 --- [    Test worker] o.s.b.t.m.w.SpringBootMockServletContext : Initializing Spring FrameworkServlet ''
2018-04-23 21:58:10.765  INFO 9538 --- [    Test worker] o.s.t.web.servlet.TestDispatcherServlet  : FrameworkServlet '': initialization started
2018-04-23 21:58:10.789  INFO 9538 --- [    Test worker] o.s.t.web.servlet.TestDispatcherServlet  : FrameworkServlet '': initialization completed in 23 ms
2018-04-23 21:58:10.866  INFO 9538 --- [    Test worker] ultiplicationResultAttemptControllerTest : Started MultiplicationResultAttemptControllerTest in 0.928 seconds (JVM running for 8.861)
]]></system-out>
  <system-err><![CDATA[]]></system-err>
</testsuite>
