<?xml version="1.0" encoding="UTF-8"?>
<testsuite name="com.example.multiplication.SocialMultiplicationApplicationTests" tests="1" skipped="0" failures="0" errors="0" timestamp="2018-04-23T14:58:09" hostname="8570wu" time="0.01">
  <properties/>
  <testcase name="contextLoads" classname="com.example.multiplication.SocialMultiplicationApplicationTests" time="0.01"/>
  <system-out><![CDATA[21:58:03.028 [Test worker] DEBUG org.springframework.test.context.junit4.SpringJUnit4ClassRunner - SpringJUnit4ClassRunner constructor called with [class com.example.multiplication.SocialMultiplicationApplicationTests]
21:58:03.034 [Test worker] DEBUG org.springframework.test.context.BootstrapUtils - Instantiating CacheAwareContextLoaderDelegate from class [org.springframework.test.context.cache.DefaultCacheAwareContextLoaderDelegate]
21:58:03.044 [Test worker] DEBUG org.springframework.test.context.BootstrapUtils - Instantiating BootstrapContext using constructor [public org.springframework.test.context.support.DefaultBootstrapContext(java.lang.Class,org.springframework.test.context.CacheAwareContextLoaderDelegate)]
21:58:03.060 [Test worker] DEBUG org.springframework.test.context.BootstrapUtils - Instantiating TestContextBootstrapper for test class [com.example.multiplication.SocialMultiplicationApplicationTests] from class [org.springframework.boot.test.context.SpringBootTestContextBootstrapper]
21:58:03.073 [Test worker] INFO org.springframework.boot.test.context.SpringBootTestContextBootstrapper - Neither @ContextConfiguration nor @ContextHierarchy found for test class [com.example.multiplication.SocialMultiplicationApplicationTests], using SpringBootContextLoader
21:58:03.076 [Test worker] DEBUG org.springframework.test.context.support.AbstractContextLoader - Did not detect default resource location for test class [com.example.multiplication.SocialMultiplicationApplicationTests]: class path resource [com/example/multiplication/SocialMultiplicationApplicationTests-context.xml] does not exist
21:58:03.077 [Test worker] DEBUG org.springframework.test.context.support.AbstractContextLoader - Did not detect default resource location for test class [com.example.multiplication.SocialMultiplicationApplicationTests]: class path resource [com/example/multiplication/SocialMultiplicationApplicationTestsContext.groovy] does not exist
21:58:03.077 [Test worker] INFO org.springframework.test.context.support.AbstractContextLoader - Could not detect default resource locations for test class [com.example.multiplication.SocialMultiplicationApplicationTests]: no resource found for suffixes {-context.xml, Context.groovy}.
21:58:03.078 [Test worker] INFO org.springframework.test.context.support.AnnotationConfigContextLoaderUtils - Could not detect default configuration classes for test class [com.example.multiplication.SocialMultiplicationApplicationTests]: SocialMultiplicationApplicationTests does not declare any static, non-private, non-final, nested classes annotated with @Configuration.
21:58:03.137 [Test worker] DEBUG org.springframework.test.context.support.ActiveProfilesUtils - Could not find an 'annotation declaring class' for annotation type [org.springframework.test.context.ActiveProfiles] and class [com.example.multiplication.SocialMultiplicationApplicationTests]
21:58:03.149 [Test worker] DEBUG org.springframework.core.env.StandardEnvironment - Adding PropertySource 'systemProperties' with lowest search precedence
21:58:03.149 [Test worker] DEBUG org.springframework.core.env.StandardEnvironment - Adding PropertySource 'systemEnvironment' with lowest search precedence
21:58:03.151 [Test worker] DEBUG org.springframework.core.env.StandardEnvironment - Initialized StandardEnvironment with PropertySources [MapPropertySource@1682152073 {name='systemProperties', properties={java.runtime.name=Java(TM) SE Runtime Environment, sun.boot.library.path=/usr/lib/jvm/java-8-oracle/jre/lib/amd64, java.vm.version=25.161-b12, java.vm.vendor=Oracle Corporation, java.vendor.url=http://java.oracle.com/, path.separator=:, java.vm.name=Java HotSpot(TM) 64-Bit Server VM, file.encoding.pkg=sun.io, sun.java.launcher=SUN_STANDARD, user.country=US, sun.os.patch.level=unknown, java.vm.specification.name=Java Virtual Machine Specification, user.dir=/home/chinv/dev/learn/microservice, java.runtime.version=1.8.0_161-b12, java.awt.graphicsenv=sun.awt.X11GraphicsEnvironment, java.endorsed.dirs=/usr/lib/jvm/java-8-oracle/jre/lib/endorsed, os.arch=amd64, java.io.tmpdir=/tmp, line.separator=
, java.vm.specification.vendor=Oracle Corporation, user.variant=, os.name=Linux, sun.jnu.encoding=UTF-8, java.library.path=/home/chinv/dev/tools/idea-IC/bin::/usr/java/packages/lib/amd64:/usr/lib64:/lib64:/lib:/usr/lib, java.specification.name=Java Platform API Specification, java.class.version=52.0, sun.management.compiler=HotSpot 64-Bit Tiered Compilers, os.version=4.13.0-37-generic, user.home=/home/chinv, user.timezone=Asia/Ho_Chi_Minh, java.awt.printerjob=sun.print.PSPrinterJob, file.encoding=UTF-8, java.specification.version=1.8, java.class.path=/home/chinv/dev/learn/microservice/build/classes/test:/home/chinv/dev/learn/microservice/build/resources/test:/home/chinv/dev/learn/microservice/build/classes/main:/home/chinv/dev/learn/microservice/build/resources/main:/home/chinv/.gradle/caches/modules-2/files-2.1/org.springframework.boot/spring-boot-starter-web/1.5.12.RELEASE/649d368fa6b0a511936b50f28c72663c503eb84c/spring-boot-starter-web-1.5.12.RELEASE.jar:/home/chinv/.gradle/caches/modules-2/files-2.1/org.springframework.boot/spring-boot-starter-data-jpa/1.5.12.RELEASE/cbffbf33274c6a576f01315b6f16250193ca79a9/spring-boot-starter-data-jpa-1.5.12.RELEASE.jar:/home/chinv/.gradle/caches/modules-2/files-2.1/org.springframework.boot/spring-boot-starter-amqp/1.5.12.RELEASE/3629cbbd5cd0f62f2fbd50b1aaf3eb85f597171b/spring-boot-starter-amqp-1.5.12.RELEASE.jar:/home/chinv/.gradle/caches/modules-2/files-2.1/com.h2database/h2/1.4.197/bb391050048ca8ae3e32451b5a3714ecd3596a46/h2-1.4.197.jar:/home/chinv/.gradle/caches/modules-2/files-2.1/org.springframework.boot/spring-boot-starter-test/1.5.12.RELEASE/9a8f743ffab5ae38a17a85008a2c3cb374871551/spring-boot-starter-test-1.5.12.RELEASE.jar:/home/chinv/.gradle/caches/modules-2/files-2.1/org.assertj/assertj-core/3.9.0/de324a44efe19b9222d2218f7ac3102d728497d8/assertj-core-3.9.0.jar:/home/chinv/.gradle/caches/modules-2/files-2.1/org.springframework.boot/spring-boot-starter/1.5.12.RELEASE/e4f0748fa765a0416638920058289f6db6ee0e36/spring-boot-starter-1.5.12.RELEASE.jar:/home/chinv/.gradle/caches/modules-2/files-2.1/org.springframework.boot/spring-boot-starter-tomcat/1.5.12.RELEASE/a4e81f071d2b5a9c9fb5a219b361b683a8eb3d91/spring-boot-starter-tomcat-1.5.12.RELEASE.jar:/home/chinv/.gradle/caches/modules-2/files-2.1/org.hibernate/hibernate-validator/5.3.6.Final/4c730be8bf55a8e9a61e79a2f2c079abf48b718/hibernate-validator-5.3.6.Final.jar:/home/chinv/.gradle/caches/modules-2/files-2.1/com.fasterxml.jackson.core/jackson-databind/2.8.11.1/341edc63fdd8b44e17b2c36abbc9b451d8fd05a5/jackson-databind-2.8.11.1.jar:/home/chinv/.gradle/caches/modules-2/files-2.1/org.springframework/spring-web/4.3.16.RELEASE/9321f7c56e8c4561c92aa62f48a0cefe0a667315/spring-web-4.3.16.RELEASE.jar:/home/chinv/.gradle/caches/modules-2/files-2.1/org.springframework/spring-webmvc/4.3.16.RELEASE/2a171b1d701e450860bd5544a87a727048639a45/spring-webmvc-4.3.16.RELEASE.jar:/home/chinv/.gradle/caches/modules-2/files-2.1/org.springframework.boot/spring-boot-starter-aop/1.5.12.RELEASE/6bcdb5d4e593e7487131f7b1dee34752aad5a5e7/spring-boot-starter-aop-1.5.12.RELEASE.jar:/home/chinv/.gradle/caches/modules-2/files-2.1/org.springframework.boot/spring-boot-starter-jdbc/1.5.12.RELEASE/73b8299e412eafa71def9e1296637de9e99fa76/spring-boot-starter-jdbc-1.5.12.RELEASE.jar:/home/chinv/.gradle/caches/modules-2/files-2.1/org.hibernate/hibernate-core/5.0.12.Final/e58bf1c660e6706d8e2cbb53bae110f574366102/hibernate-core-5.0.12.Final.jar:/home/chinv/.gradle/caches/modules-2/files-2.1/org.hibernate/hibernate-entitymanager/5.0.12.Final/302a526f5058290e9cbd719a5caf9f248d344719/hibernate-entitymanager-5.0.12.Final.jar:/home/chinv/.gradle/caches/modules-2/files-2.1/javax.transaction/javax.transaction-api/1.2/d81aff979d603edd90dcd8db2abc1f4ce6479e3e/javax.transaction-api-1.2.jar:/home/chinv/.gradle/caches/modules-2/files-2.1/org.springframework.data/spring-data-jpa/1.11.11.RELEASE/ac76e9ecc10850ac324f762ecb947d67d1670c82/spring-data-jpa-1.11.11.RELEASE.jar:/home/chinv/.gradle/caches/modules-2/files-2.1/org.springframework/spring-aspects/4.3.16.RELEASE/1490d6c995ab3a74a33fa30a3b81e9e78e1249e1/spring-aspects-4.3.16.RELEASE.jar:/home/chinv/.gradle/caches/modules-2/files-2.1/org.springframework/spring-messaging/4.3.16.RELEASE/e9b367e973ae465545fcb4c611dd2ac82d6cbc00/spring-messaging-4.3.16.RELEASE.jar:/home/chinv/.gradle/caches/modules-2/files-2.1/org.springframework.amqp/spring-rabbit/1.7.7.RELEASE/f7002139fac3cf1f2817a93f9c76ffc010dc262/spring-rabbit-1.7.7.RELEASE.jar:/home/chinv/.gradle/caches/modules-2/files-2.1/org.springframework.boot/spring-boot-test/1.5.12.RELEASE/b2424c29750561e9800c41dcc8d4e02e93d6c1ab/spring-boot-test-1.5.12.RELEASE.jar:/home/chinv/.gradle/caches/modules-2/files-2.1/org.springframework.boot/spring-boot-test-autoconfigure/1.5.12.RELEASE/7d710647eae22ecc28c069a547126bc1dcdeaff2/spring-boot-test-autoconfigure-1.5.12.RELEASE.jar:/home/chinv/.gradle/caches/modules-2/files-2.1/com.jayway.jsonpath/json-path/2.2.0/22290d17944bd239fabf5ac69005a60a7ecbbbcb/json-path-2.2.0.jar:/home/chinv/.gradle/caches/modules-2/files-2.1/junit/junit/4.12/2973d150c0dc1fefe998f834810d68f278ea58ec/junit-4.12.jar:/home/chinv/.gradle/caches/modules-2/files-2.1/org.mockito/mockito-core/1.10.19/e8546f5bef4e061d8dd73895b4e8f40e3fe6effe/mockito-core-1.10.19.jar:/home/chinv/.gradle/caches/modules-2/files-2.1/org.hamcrest/hamcrest-core/1.3/42a25dc3219429f0e5d060061f71acb49bf010a0/hamcrest-core-1.3.jar:/home/chinv/.gradle/caches/modules-2/files-2.1/org.hamcrest/hamcrest-library/1.3/4785a3c21320980282f9f33d0d1264a69040538f/hamcrest-library-1.3.jar:/home/chinv/.gradle/caches/modules-2/files-2.1/org.skyscreamer/jsonassert/1.4.0/9cdbb373a06f6513e51e8c545ee6a5e981463edb/jsonassert-1.4.0.jar:/home/chinv/.gradle/caches/modules-2/files-2.1/org.springframework/spring-core/4.3.16.RELEASE/fe3f4186562c0dfa70a09510f886cc11a483ddde/spring-core-4.3.16.RELEASE.jar:/home/chinv/.gradle/caches/modules-2/files-2.1/org.springframework/spring-test/4.3.16.RELEASE/adb21bf985a998da78de96f6deefe85f058457eb/spring-test-4.3.16.RELEASE.jar:/home/chinv/.gradle/caches/modules-2/files-2.1/org.springframework.boot/spring-boot/1.5.12.RELEASE/bc41c1da2bbb4eaebfc5b464b0a993ca8ef83156/spring-boot-1.5.12.RELEASE.jar:/home/chinv/.gradle/caches/modules-2/files-2.1/org.springframework.boot/spring-boot-autoconfigure/1.5.12.RELEASE/932ab2609793ebc00576cbae77085bb83e5c9008/spring-boot-autoconfigure-1.5.12.RELEASE.jar:/home/chinv/.gradle/caches/modules-2/files-2.1/org.springframework.boot/spring-boot-starter-logging/1.5.12.RELEASE/88b9a16ff87f0a7faec7848e9a5626ffbbac588f/spring-boot-starter-logging-1.5.12.RELEASE.jar:/home/chinv/.gradle/caches/modules-2/files-2.1/org.yaml/snakeyaml/1.17/7a27ea250c5130b2922b86dea63cbb1cc10a660c/snakeyaml-1.17.jar:/home/chinv/.gradle/caches/modules-2/files-2.1/org.apache.tomcat.embed/tomcat-embed-core/8.5.29/51eac5adde4bc019261b787cb99e5548206908e6/tomcat-embed-core-8.5.29.jar:/home/chinv/.gradle/caches/modules-2/files-2.1/org.apache.tomcat.embed/tomcat-embed-el/8.5.29/893fb2c87ec1aa248a7911d76c0c06b3fca6bc9b/tomcat-embed-el-8.5.29.jar:/home/chinv/.gradle/caches/modules-2/files-2.1/org.apache.tomcat.embed/tomcat-embed-websocket/8.5.29/37786f4ca8a1597a91a0f437e659a76d1fcc5bf1/tomcat-embed-websocket-8.5.29.jar:/home/chinv/.gradle/caches/modules-2/files-2.1/javax.validation/validation-api/1.1.0.Final/8613ae82954779d518631e05daa73a6a954817d5/validation-api-1.1.0.Final.jar:/home/chinv/.gradle/caches/modules-2/files-2.1/org.jboss.logging/jboss-logging/3.3.2.Final/3789d00e859632e6c6206adc0c71625559e6e3b0/jboss-logging-3.3.2.Final.jar:/home/chinv/.gradle/caches/modules-2/files-2.1/com.fasterxml/classmate/1.3.4/3d5f48f10bbe4eb7bd862f10c0583be2e0053c6/classmate-1.3.4.jar:/home/chinv/.gradle/caches/modules-2/files-2.1/com.fasterxml.jackson.core/jackson-annotations/2.8.0/45b426f7796b741035581a176744d91090e2e6fb/jackson-annotations-2.8.0.jar:/home/chinv/.gradle/caches/modules-2/files-2.1/com.fasterxml.jackson.core/jackson-core/2.8.11/876ead1db19f0c9e79c9789273a3ef8c6fd6c29b/jackson-core-2.8.11.jar:/home/chinv/.gradle/caches/modules-2/files-2.1/org.springframework/spring-aop/4.3.16.RELEASE/2c74e87bbf99e7cb6903046e19345a04f843d817/spring-aop-4.3.16.RELEASE.jar:/home/chinv/.gradle/caches/modules-2/files-2.1/org.springframework/spring-beans/4.3.16.RELEASE/2a0cb663069001e0b210d509f7b1904888557e63/spring-beans-4.3.16.RELEASE.jar:/home/chinv/.gradle/caches/modules-2/files-2.1/org.springframework/spring-context/4.3.16.RELEASE/b56bbfb12b8c388443589fc5d4f2f0f1774dc44d/spring-context-4.3.16.RELEASE.jar:/home/chinv/.gradle/caches/modules-2/files-2.1/org.springframework/spring-expression/4.3.16.RELEASE/f69b403faa1dd97df212217aece1ad3497dfdf2c/spring-expression-4.3.16.RELEASE.jar:/home/chinv/.gradle/caches/modules-2/files-2.1/org.aspectj/aspectjweaver/1.8.13/ad94df2a28d658a40dc27bbaff6a1ce5fbf04e9b/aspectjweaver-1.8.13.jar:/home/chinv/.gradle/caches/modules-2/files-2.1/org.apache.tomcat/tomcat-jdbc/8.5.29/5fc2bee83633735b31831b7fffa13040100b5eae/tomcat-jdbc-8.5.29.jar:/home/chinv/.gradle/caches/modules-2/files-2.1/org.springframework/spring-jdbc/4.3.16.RELEASE/cf5cd0a29f58cdcd572a97b3becdb7a9ba970363/spring-jdbc-4.3.16.RELEASE.jar:/home/chinv/.gradle/caches/modules-2/files-2.1/org.hibernate.javax.persistence/hibernate-jpa-2.1-api/1.0.0.Final/5e731d961297e5a07290bfaf3db1fbc8bbbf405a/hibernate-jpa-2.1-api-1.0.0.Final.jar:/home/chinv/.gradle/caches/modules-2/files-2.1/org.javassist/javassist/3.21.0-GA/598244f595db5c5fb713731eddbb1c91a58d959b/javassist-3.21.0-GA.jar:/home/chinv/.gradle/caches/modules-2/files-2.1/antlr/antlr/2.7.7/83cd2cd674a217ade95a4bb83a8a14f351f48bd0/antlr-2.7.7.jar:/home/chinv/.gradle/caches/modules-2/files-2.1/org.jboss/jandex/2.0.0.Final/3e899258936f94649c777193e1be846387ed54b3/jandex-2.0.0.Final.jar:/home/chinv/.gradle/caches/modules-2/files-2.1/dom4j/dom4j/1.6.1/5d3ccc056b6f056dbf0dddfdf43894b9065a8f94/dom4j-1.6.1.jar:/home/chinv/.gradle/caches/modules-2/files-2.1/org.hibernate.common/hibernate-commons-annotations/5.0.1.Final/71e1cff3fcb20d3b3af4f3363c3ddb24d33c6879/hibernate-commons-annotations-5.0.1.Final.jar:/home/chinv/.gradle/caches/modules-2/files-2.1/org.springframework.data/spring-data-commons/1.13.11.RELEASE/481434bd66c1cf6ff72902a89ad778156e924382/spring-data-commons-1.13.11.RELEASE.jar:/home/chinv/.gradle/caches/modules-2/files-2.1/org.springframework/spring-orm/4.3.16.RELEASE/9cbd490a3839d5f3d91731bf15593383ca0544f5/spring-orm-4.3.16.RELEASE.jar:/home/chinv/.gradle/caches/modules-2/files-2.1/org.springframework/spring-tx/4.3.16.RELEASE/459e1741827ea59775c4e322d5964714065bed42/spring-tx-4.3.16.RELEASE.jar:/home/chinv/.gradle/caches/modules-2/files-2.1/org.slf4j/slf4j-api/1.7.25/da76ca59f6a57ee3102f8f9bd9cee742973efa8a/slf4j-api-1.7.25.jar:/home/chinv/.gradle/caches/modules-2/files-2.1/org.slf4j/jcl-over-slf4j/1.7.25/f8c32b13ff142a513eeb5b6330b1588dcb2c0461/jcl-over-slf4j-1.7.25.jar:/home/chinv/.gradle/caches/modules-2/files-2.1/org.springframework.retry/spring-retry/1.2.2.RELEASE/638928732585c450e461f0a132b6834ad7cf3af0/spring-retry-1.2.2.RELEASE.jar:/home/chinv/.gradle/caches/modules-2/files-2.1/com.rabbitmq/http-client/1.1.1.RELEASE/a3c71766981a70137aa4570e3830c542a7631d3e/http-client-1.1.1.RELEASE.jar:/home/chinv/.gradle/caches/modules-2/files-2.1/com.rabbitmq/amqp-client/4.0.3/d60d606e214b98c7d4a7e7f96d20b6aec569d7a3/amqp-client-4.0.3.jar:/home/chinv/.gradle/caches/modules-2/files-2.1/org.springframework.amqp/spring-amqp/1.7.7.RELEASE/9484be9392e48ec5d96c411b275eb9be58bef024/spring-amqp-1.7.7.RELEASE.jar:/home/chinv/.gradle/caches/modules-2/files-2.1/net.minidev/json-smart/2.2.1/5b9e5df7a62d1279b70dc882b041d249c4f0b002/json-smart-2.2.1.jar:/home/chinv/.gradle/caches/modules-2/files-2.1/org.objenesis/objenesis/2.1/87c0ea803b69252868d09308b4618f766f135a96/objenesis-2.1.jar:/home/chinv/.gradle/caches/modules-2/files-2.1/com.vaadin.external.google/android-json/0.0.20131108.vaadin1/fa26d351fe62a6a17f5cda1287c1c6110dec413f/android-json-0.0.20131108.vaadin1.jar:/home/chinv/.gradle/caches/modules-2/files-2.1/ch.qos.logback/logback-classic/1.1.11/ccedfbacef4a6515d2983e3f89ed753d5d4fb665/logback-classic-1.1.11.jar:/home/chinv/.gradle/caches/modules-2/files-2.1/org.slf4j/jul-to-slf4j/1.7.25/af5364cd6679bfffb114f0dec8a157aaa283b76/jul-to-slf4j-1.7.25.jar:/home/chinv/.gradle/caches/modules-2/files-2.1/org.slf4j/log4j-over-slf4j/1.7.25/a87bb47468f47ee7aabbd54f93e133d4215769c3/log4j-over-slf4j-1.7.25.jar:/home/chinv/.gradle/caches/modules-2/files-2.1/org.apache.tomcat/tomcat-annotations-api/8.5.29/5505a72b5e7d6c2324d3f104cdd613a5770b4601/tomcat-annotations-api-8.5.29.jar:/home/chinv/.gradle/caches/modules-2/files-2.1/org.apache.tomcat/tomcat-juli/8.5.29/61b2514e169d96c7f5c2e1a9cf6901b493fb2301/tomcat-juli-8.5.29.jar:/home/chinv/.gradle/caches/modules-2/files-2.1/org.apache.httpcomponents/httpclient/4.5.5/1603dfd56ebcd583ccdf337b6c3984ac55d89e58/httpclient-4.5.5.jar:/home/chinv/.gradle/caches/modules-2/files-2.1/net.minidev/accessors-smart/1.1/a527213f2fea112a04c9bdf0ec0264e34104cd08/accessors-smart-1.1.jar:/home/chinv/.gradle/caches/modules-2/files-2.1/ch.qos.logback/logback-core/1.1.11/88b8df40340eed549fb07e2613879bf6b006704d/logback-core-1.1.11.jar:/home/chinv/.gradle/caches/modules-2/files-2.1/org.apache.httpcomponents/httpcore/4.4.9/a86ce739e5a7175b4b234c290a00a5fdb80957a0/httpcore-4.4.9.jar:/home/chinv/.gradle/caches/modules-2/files-2.1/commons-codec/commons-codec/1.10/4b95f4897fa13f2cd904aee711aeafc0c5295cd8/commons-codec-1.10.jar:/home/chinv/.gradle/caches/modules-2/files-2.1/org.ow2.asm/asm/5.0.3/dcc2193db20e19e1feca8b1240dbbc4e190824fa/asm-5.0.3.jar, user.name=chinv, java.vm.specification.version=1.8, sun.java.command=worker.org.gradle.process.internal.worker.GradleWorkerMain 'Gradle Test Executor 1', java.home=/usr/lib/jvm/java-8-oracle/jre, sun.arch.data.model=64, user.language=en, java.specification.vendor=Oracle Corporation, awt.toolkit=sun.awt.X11.XToolkit, java.vm.info=mixed mode, java.version=1.8.0_161, java.ext.dirs=/usr/lib/jvm/java-8-oracle/jre/lib/ext:/usr/java/packages/lib/ext, sun.boot.class.path=/usr/lib/jvm/java-8-oracle/jre/lib/resources.jar:/usr/lib/jvm/java-8-oracle/jre/lib/rt.jar:/usr/lib/jvm/java-8-oracle/jre/lib/sunrsasign.jar:/usr/lib/jvm/java-8-oracle/jre/lib/jsse.jar:/usr/lib/jvm/java-8-oracle/jre/lib/jce.jar:/usr/lib/jvm/java-8-oracle/jre/lib/charsets.jar:/usr/lib/jvm/java-8-oracle/jre/lib/jfr.jar:/usr/lib/jvm/java-8-oracle/jre/classes, java.vendor=Oracle Corporation, org.gradle.test.worker=1, file.separator=/, java.vendor.url.bug=http://bugreport.sun.com/bugreport/, sun.io.unicode.encoding=UnicodeLittle, sun.cpu.endian=little, sun.desktop=gnome, sun.cpu.isalist=}}, SystemEnvironmentPropertySource@739318530 {name='systemEnvironment', properties={PATH=/home/chinv/bin:/home/chinv/.local/bin:/usr/local/sbin:/usr/local/bin:/usr/sbin:/usr/bin:/sbin:/bin:/usr/games:/usr/local/games:/snap/bin, LC_MEASUREMENT=en_US.UTF-8, XAUTHORITY=/home/chinv/.Xauthority, XMODIFIERS=@im=fcitx, LC_TELEPHONE=en_US.UTF-8, XDG_DATA_DIRS=/usr/share/ubuntu:/usr/share/gnome:/usr/local/share:/usr/share:/var/lib/snapd/desktop:/var/lib/snapd/desktop, GDMSESSION=ubuntu, MANDATORY_PATH=/usr/share/gconf/ubuntu.mandatory.path, LC_TIME=en_US.UTF-8, PAPERSIZE=letter, GTK_IM_MODULE=fcitx, DBUS_SESSION_BUS_ADDRESS=unix:abstract=/tmp/dbus-TDp5pyKyx3, DEFAULTS_PATH=/usr/share/gconf/ubuntu.default.path, XDG_CURRENT_DESKTOP=Unity, LD_LIBRARY_PATH=/home/chinv/dev/tools/idea-IC/bin:, UPSTART_SESSION=unix:abstract=/com/ubuntu/upstart-session/1000/1434, QT4_IM_MODULE=fcitx, LC_PAPER=en_US.UTF-8, QT_LINUX_ACCESSIBILITY_ALWAYS_ON=1, LOGNAME=chinv, JOB=unity-settings-daemon, PWD=/home/chinv, IM_CONFIG_PHASE=1, LANGUAGE=en_US:en, SHELL=/bin/bash, LC_ADDRESS=en_US.UTF-8, UNITY_HAS_3D_SUPPORT=true, GIO_LAUNCHED_DESKTOP_FILE=/home/chinv/.local/share/applications/jetbrains-idea-ce.desktop, INSTANCE=, GTK2_MODULES=overlay-scrollbar, OLDPWD=/home/chinv/dev/tools/idea-IC/bin, UPSTART_INSTANCE=, GNOME_DESKTOP_SESSION_ID=this-is-deprecated, GTK_MODULES=gail:atk-bridge:unity-gtk-module, CLUTTER_IM_MODULE=xim, XDG_SESSION_PATH=/org/freedesktop/DisplayManager/Session0, COMPIZ_BIN_PATH=/usr/bin/, SESSIONTYPE=gnome-session, XDG_SESSION_DESKTOP=ubuntu, SHLVL=0, LC_IDENTIFICATION=en_US.UTF-8, LC_MONETARY=en_US.UTF-8, COMPIZ_CONFIG_PROFILE=ubuntu, QT_IM_MODULE=fcitx, UPSTART_JOB=unity7, JAVA_HOME=/usr/lib/jvm/java-8-oracle, XDG_CONFIG_DIRS=/etc/xdg/xdg-ubuntu:/usr/share/upstart/xdg:/etc/xdg, GNOME_KEYRING_CONTROL=, LANG=en_US.UTF-8, XDG_SEAT_PATH=/org/freedesktop/DisplayManager/Seat0, XDG_SESSION_ID=c2, XDG_SESSION_TYPE=x11, DISPLAY=:0, UNITY_DEFAULT_PROFILE=unity, LC_NAME=en_US.UTF-8, GDM_LANG=en_US, XDG_GREETER_DATA_DIR=/var/lib/lightdm-data/chinv, UPSTART_EVENTS=xsession started, GPG_AGENT_INFO=/home/chinv/.gnupg/S.gpg-agent:0:1, DESKTOP_SESSION=ubuntu, SESSION=ubuntu, USER=chinv, XDG_MENU_PREFIX=gnome-, GIO_LAUNCHED_DESKTOP_FILE_PID=3094, QT_ACCESSIBILITY=1, LC_NUMERIC=en_US.UTF-8, SSH_AUTH_SOCK=/run/user/1000/keyring/ssh, XDG_SEAT=seat0, QT_QPA_PLATFORMTHEME=appmenu-qt5, XDG_VTNR=7, XDG_RUNTIME_DIR=/run/user/1000, HOME=/home/chinv, GNOME_KEYRING_PID=}}]
21:58:03.187 [Test worker] DEBUG org.springframework.core.io.support.PathMatchingResourcePatternResolver - Resolved classpath location [com/example/multiplication/] to resources [URL [file:/home/chinv/dev/learn/microservice/build/classes/test/com/example/multiplication/], URL [file:/home/chinv/dev/learn/microservice/build/classes/main/com/example/multiplication/]]
21:58:03.189 [Test worker] DEBUG org.springframework.core.io.support.PathMatchingResourcePatternResolver - Looking for matching resources in directory tree [/home/chinv/dev/learn/microservice/build/classes/test/com/example/multiplication]
21:58:03.190 [Test worker] DEBUG org.springframework.core.io.support.PathMatchingResourcePatternResolver - Searching directory [/home/chinv/dev/learn/microservice/build/classes/test/com/example/multiplication] for files matching pattern [/home/chinv/dev/learn/microservice/build/classes/test/com/example/multiplication/*.class]
21:58:03.196 [Test worker] DEBUG org.springframework.core.io.support.PathMatchingResourcePatternResolver - Looking for matching resources in directory tree [/home/chinv/dev/learn/microservice/build/classes/main/com/example/multiplication]
21:58:03.196 [Test worker] DEBUG org.springframework.core.io.support.PathMatchingResourcePatternResolver - Searching directory [/home/chinv/dev/learn/microservice/build/classes/main/com/example/multiplication] for files matching pattern [/home/chinv/dev/learn/microservice/build/classes/main/com/example/multiplication/*.class]
21:58:03.199 [Test worker] DEBUG org.springframework.core.io.support.PathMatchingResourcePatternResolver - Resolved location pattern [classpath*:com/example/multiplication/*.class] to resources [file [/home/chinv/dev/learn/microservice/build/classes/test/com/example/multiplication/SocialMultiplicationApplicationTests.class], file [/home/chinv/dev/learn/microservice/build/classes/main/com/example/multiplication/SocialMultiplicationApplication.class]]
21:58:03.256 [Test worker] DEBUG org.springframework.context.annotation.ClassPathScanningCandidateComponentProvider - Identified candidate component class: file [/home/chinv/dev/learn/microservice/build/classes/main/com/example/multiplication/SocialMultiplicationApplication.class]
21:58:03.258 [Test worker] INFO org.springframework.boot.test.context.SpringBootTestContextBootstrapper - Found @SpringBootConfiguration com.example.multiplication.SocialMultiplicationApplication for test class com.example.multiplication.SocialMultiplicationApplicationTests
21:58:03.263 [Test worker] DEBUG org.springframework.boot.test.context.SpringBootTestContextBootstrapper - @TestExecutionListeners is not present for class [com.example.multiplication.SocialMultiplicationApplicationTests]: using defaults.
21:58:03.269 [Test worker] INFO org.springframework.boot.test.context.SpringBootTestContextBootstrapper - Loaded default TestExecutionListener class names from location [META-INF/spring.factories]: [org.springframework.boot.test.mock.mockito.MockitoTestExecutionListener, org.springframework.boot.test.mock.mockito.ResetMocksTestExecutionListener, org.springframework.boot.test.autoconfigure.restdocs.RestDocsTestExecutionListener, org.springframework.boot.test.autoconfigure.web.client.MockRestServiceServerResetTestExecutionListener, org.springframework.boot.test.autoconfigure.web.servlet.MockMvcPrintOnlyOnFailureTestExecutionListener, org.springframework.boot.test.autoconfigure.web.servlet.WebDriverTestExecutionListener, org.springframework.test.context.web.ServletTestExecutionListener, org.springframework.test.context.support.DirtiesContextBeforeModesTestExecutionListener, org.springframework.test.context.support.DependencyInjectionTestExecutionListener, org.springframework.test.context.support.DirtiesContextTestExecutionListener, org.springframework.test.context.transaction.TransactionalTestExecutionListener, org.springframework.test.context.jdbc.SqlScriptsTestExecutionListener]
21:58:03.289 [Test worker] INFO org.springframework.boot.test.context.SpringBootTestContextBootstrapper - Using TestExecutionListeners: [org.springframework.test.context.web.ServletTestExecutionListener@3c40d326, org.springframework.test.context.support.DirtiesContextBeforeModesTestExecutionListener@113e2209, org.springframework.boot.test.mock.mockito.MockitoTestExecutionListener@b15b842, org.springframework.boot.test.autoconfigure.SpringBootDependencyInjectionTestExecutionListener@7f94df24, org.springframework.test.context.support.DirtiesContextTestExecutionListener@4577ea13, org.springframework.test.context.transaction.TransactionalTestExecutionListener@25b9a6de, org.springframework.test.context.jdbc.SqlScriptsTestExecutionListener@348cd83, org.springframework.boot.test.mock.mockito.ResetMocksTestExecutionListener@5afc4f31, org.springframework.boot.test.autoconfigure.restdocs.RestDocsTestExecutionListener@2021110f, org.springframework.boot.test.autoconfigure.web.client.MockRestServiceServerResetTestExecutionListener@48c6dc83, org.springframework.boot.test.autoconfigure.web.servlet.MockMvcPrintOnlyOnFailureTestExecutionListener@d2734cd, org.springframework.boot.test.autoconfigure.web.servlet.WebDriverTestExecutionListener@351a779f]
21:58:03.291 [Test worker] DEBUG org.springframework.test.annotation.ProfileValueUtils - Retrieved @ProfileValueSourceConfiguration [null] for test class [com.example.multiplication.SocialMultiplicationApplicationTests]
21:58:03.292 [Test worker] DEBUG org.springframework.test.annotation.ProfileValueUtils - Retrieved ProfileValueSource type [class org.springframework.test.annotation.SystemProfileValueSource] for class [com.example.multiplication.SocialMultiplicationApplicationTests]
21:58:03.292 [Test worker] DEBUG org.springframework.test.annotation.ProfileValueUtils - Retrieved @ProfileValueSourceConfiguration [null] for test class [com.example.multiplication.SocialMultiplicationApplicationTests]
21:58:03.293 [Test worker] DEBUG org.springframework.test.annotation.ProfileValueUtils - Retrieved ProfileValueSource type [class org.springframework.test.annotation.SystemProfileValueSource] for class [com.example.multiplication.SocialMultiplicationApplicationTests]
21:58:03.298 [Test worker] DEBUG org.springframework.test.context.support.AbstractDirtiesContextTestExecutionListener - Before test class: context [DefaultTestContext@4828577a testClass = SocialMultiplicationApplicationTests, testInstance = [null], testMethod = [null], testException = [null], mergedContextConfiguration = [WebMergedContextConfiguration@2a8b006a testClass = SocialMultiplicationApplicationTests, locations = '{}', classes = '{class com.example.multiplication.SocialMultiplicationApplication}', contextInitializerClasses = '[]', activeProfiles = '{}', propertySourceLocations = '{}', propertySourceProperties = '{org.springframework.boot.test.context.SpringBootTestContextBootstrapper=true}', contextCustomizers = set[org.springframework.boot.test.context.SpringBootTestContextCustomizer@108cf028, org.springframework.boot.test.context.filter.ExcludeFilterContextCustomizer@32211050, org.springframework.boot.test.json.DuplicateJsonObjectContextCustomizerFactory$DuplicateJsonObjectContextCustomizer@54fdf511, org.springframework.boot.test.mock.mockito.MockitoContextCustomizer@0, org.springframework.boot.test.autoconfigure.properties.PropertyMappingContextCustomizer@0, org.springframework.boot.test.autoconfigure.web.servlet.WebDriverContextCustomizerFactory$Customizer@2ac69f1f], resourceBasePath = 'src/main/webapp', contextLoader = 'org.springframework.boot.test.context.SpringBootContextLoader', parent = [null]]], class annotated with @DirtiesContext [false] with mode [null].
21:58:03.299 [Test worker] DEBUG org.springframework.test.annotation.ProfileValueUtils - Retrieved @ProfileValueSourceConfiguration [null] for test class [com.example.multiplication.SocialMultiplicationApplicationTests]
21:58:03.299 [Test worker] DEBUG org.springframework.test.annotation.ProfileValueUtils - Retrieved ProfileValueSource type [class org.springframework.test.annotation.SystemProfileValueSource] for class [com.example.multiplication.SocialMultiplicationApplicationTests]
21:58:03.367 [Test worker] DEBUG org.springframework.core.env.StandardEnvironment - Adding PropertySource 'systemProperties' with lowest search precedence
21:58:03.367 [Test worker] DEBUG org.springframework.core.env.StandardEnvironment - Adding PropertySource 'systemEnvironment' with lowest search precedence
21:58:03.368 [Test worker] DEBUG org.springframework.core.env.StandardEnvironment - Initialized StandardEnvironment with PropertySources [MapPropertySource@82126254 {name='systemProperties', properties={java.runtime.name=Java(TM) SE Runtime Environment, sun.boot.library.path=/usr/lib/jvm/java-8-oracle/jre/lib/amd64, java.vm.version=25.161-b12, java.vm.vendor=Oracle Corporation, java.vendor.url=http://java.oracle.com/, path.separator=:, java.vm.name=Java HotSpot(TM) 64-Bit Server VM, file.encoding.pkg=sun.io, sun.java.launcher=SUN_STANDARD, user.country=US, sun.os.patch.level=unknown, java.vm.specification.name=Java Virtual Machine Specification, user.dir=/home/chinv/dev/learn/microservice, java.runtime.version=1.8.0_161-b12, java.awt.graphicsenv=sun.awt.X11GraphicsEnvironment, java.endorsed.dirs=/usr/lib/jvm/java-8-oracle/jre/lib/endorsed, os.arch=amd64, java.io.tmpdir=/tmp, line.separator=
, java.vm.specification.vendor=Oracle Corporation, user.variant=, os.name=Linux, sun.jnu.encoding=UTF-8, java.library.path=/home/chinv/dev/tools/idea-IC/bin::/usr/java/packages/lib/amd64:/usr/lib64:/lib64:/lib:/usr/lib, java.specification.name=Java Platform API Specification, java.class.version=52.0, sun.management.compiler=HotSpot 64-Bit Tiered Compilers, os.version=4.13.0-37-generic, user.home=/home/chinv, user.timezone=Asia/Ho_Chi_Minh, java.awt.printerjob=sun.print.PSPrinterJob, file.encoding=UTF-8, java.specification.version=1.8, java.class.path=/home/chinv/dev/learn/microservice/build/classes/test:/home/chinv/dev/learn/microservice/build/resources/test:/home/chinv/dev/learn/microservice/build/classes/main:/home/chinv/dev/learn/microservice/build/resources/main:/home/chinv/.gradle/caches/modules-2/files-2.1/org.springframework.boot/spring-boot-starter-web/1.5.12.RELEASE/649d368fa6b0a511936b50f28c72663c503eb84c/spring-boot-starter-web-1.5.12.RELEASE.jar:/home/chinv/.gradle/caches/modules-2/files-2.1/org.springframework.boot/spring-boot-starter-data-jpa/1.5.12.RELEASE/cbffbf33274c6a576f01315b6f16250193ca79a9/spring-boot-starter-data-jpa-1.5.12.RELEASE.jar:/home/chinv/.gradle/caches/modules-2/files-2.1/org.springframework.boot/spring-boot-starter-amqp/1.5.12.RELEASE/3629cbbd5cd0f62f2fbd50b1aaf3eb85f597171b/spring-boot-starter-amqp-1.5.12.RELEASE.jar:/home/chinv/.gradle/caches/modules-2/files-2.1/com.h2database/h2/1.4.197/bb391050048ca8ae3e32451b5a3714ecd3596a46/h2-1.4.197.jar:/home/chinv/.gradle/caches/modules-2/files-2.1/org.springframework.boot/spring-boot-starter-test/1.5.12.RELEASE/9a8f743ffab5ae38a17a85008a2c3cb374871551/spring-boot-starter-test-1.5.12.RELEASE.jar:/home/chinv/.gradle/caches/modules-2/files-2.1/org.assertj/assertj-core/3.9.0/de324a44efe19b9222d2218f7ac3102d728497d8/assertj-core-3.9.0.jar:/home/chinv/.gradle/caches/modules-2/files-2.1/org.springframework.boot/spring-boot-starter/1.5.12.RELEASE/e4f0748fa765a0416638920058289f6db6ee0e36/spring-boot-starter-1.5.12.RELEASE.jar:/home/chinv/.gradle/caches/modules-2/files-2.1/org.springframework.boot/spring-boot-starter-tomcat/1.5.12.RELEASE/a4e81f071d2b5a9c9fb5a219b361b683a8eb3d91/spring-boot-starter-tomcat-1.5.12.RELEASE.jar:/home/chinv/.gradle/caches/modules-2/files-2.1/org.hibernate/hibernate-validator/5.3.6.Final/4c730be8bf55a8e9a61e79a2f2c079abf48b718/hibernate-validator-5.3.6.Final.jar:/home/chinv/.gradle/caches/modules-2/files-2.1/com.fasterxml.jackson.core/jackson-databind/2.8.11.1/341edc63fdd8b44e17b2c36abbc9b451d8fd05a5/jackson-databind-2.8.11.1.jar:/home/chinv/.gradle/caches/modules-2/files-2.1/org.springframework/spring-web/4.3.16.RELEASE/9321f7c56e8c4561c92aa62f48a0cefe0a667315/spring-web-4.3.16.RELEASE.jar:/home/chinv/.gradle/caches/modules-2/files-2.1/org.springframework/spring-webmvc/4.3.16.RELEASE/2a171b1d701e450860bd5544a87a727048639a45/spring-webmvc-4.3.16.RELEASE.jar:/home/chinv/.gradle/caches/modules-2/files-2.1/org.springframework.boot/spring-boot-starter-aop/1.5.12.RELEASE/6bcdb5d4e593e7487131f7b1dee34752aad5a5e7/spring-boot-starter-aop-1.5.12.RELEASE.jar:/home/chinv/.gradle/caches/modules-2/files-2.1/org.springframework.boot/spring-boot-starter-jdbc/1.5.12.RELEASE/73b8299e412eafa71def9e1296637de9e99fa76/spring-boot-starter-jdbc-1.5.12.RELEASE.jar:/home/chinv/.gradle/caches/modules-2/files-2.1/org.hibernate/hibernate-core/5.0.12.Final/e58bf1c660e6706d8e2cbb53bae110f574366102/hibernate-core-5.0.12.Final.jar:/home/chinv/.gradle/caches/modules-2/files-2.1/org.hibernate/hibernate-entitymanager/5.0.12.Final/302a526f5058290e9cbd719a5caf9f248d344719/hibernate-entitymanager-5.0.12.Final.jar:/home/chinv/.gradle/caches/modules-2/files-2.1/javax.transaction/javax.transaction-api/1.2/d81aff979d603edd90dcd8db2abc1f4ce6479e3e/javax.transaction-api-1.2.jar:/home/chinv/.gradle/caches/modules-2/files-2.1/org.springframework.data/spring-data-jpa/1.11.11.RELEASE/ac76e9ecc10850ac324f762ecb947d67d1670c82/spring-data-jpa-1.11.11.RELEASE.jar:/home/chinv/.gradle/caches/modules-2/files-2.1/org.springframework/spring-aspects/4.3.16.RELEASE/1490d6c995ab3a74a33fa30a3b81e9e78e1249e1/spring-aspects-4.3.16.RELEASE.jar:/home/chinv/.gradle/caches/modules-2/files-2.1/org.springframework/spring-messaging/4.3.16.RELEASE/e9b367e973ae465545fcb4c611dd2ac82d6cbc00/spring-messaging-4.3.16.RELEASE.jar:/home/chinv/.gradle/caches/modules-2/files-2.1/org.springframework.amqp/spring-rabbit/1.7.7.RELEASE/f7002139fac3cf1f2817a93f9c76ffc010dc262/spring-rabbit-1.7.7.RELEASE.jar:/home/chinv/.gradle/caches/modules-2/files-2.1/org.springframework.boot/spring-boot-test/1.5.12.RELEASE/b2424c29750561e9800c41dcc8d4e02e93d6c1ab/spring-boot-test-1.5.12.RELEASE.jar:/home/chinv/.gradle/caches/modules-2/files-2.1/org.springframework.boot/spring-boot-test-autoconfigure/1.5.12.RELEASE/7d710647eae22ecc28c069a547126bc1dcdeaff2/spring-boot-test-autoconfigure-1.5.12.RELEASE.jar:/home/chinv/.gradle/caches/modules-2/files-2.1/com.jayway.jsonpath/json-path/2.2.0/22290d17944bd239fabf5ac69005a60a7ecbbbcb/json-path-2.2.0.jar:/home/chinv/.gradle/caches/modules-2/files-2.1/junit/junit/4.12/2973d150c0dc1fefe998f834810d68f278ea58ec/junit-4.12.jar:/home/chinv/.gradle/caches/modules-2/files-2.1/org.mockito/mockito-core/1.10.19/e8546f5bef4e061d8dd73895b4e8f40e3fe6effe/mockito-core-1.10.19.jar:/home/chinv/.gradle/caches/modules-2/files-2.1/org.hamcrest/hamcrest-core/1.3/42a25dc3219429f0e5d060061f71acb49bf010a0/hamcrest-core-1.3.jar:/home/chinv/.gradle/caches/modules-2/files-2.1/org.hamcrest/hamcrest-library/1.3/4785a3c21320980282f9f33d0d1264a69040538f/hamcrest-library-1.3.jar:/home/chinv/.gradle/caches/modules-2/files-2.1/org.skyscreamer/jsonassert/1.4.0/9cdbb373a06f6513e51e8c545ee6a5e981463edb/jsonassert-1.4.0.jar:/home/chinv/.gradle/caches/modules-2/files-2.1/org.springframework/spring-core/4.3.16.RELEASE/fe3f4186562c0dfa70a09510f886cc11a483ddde/spring-core-4.3.16.RELEASE.jar:/home/chinv/.gradle/caches/modules-2/files-2.1/org.springframework/spring-test/4.3.16.RELEASE/adb21bf985a998da78de96f6deefe85f058457eb/spring-test-4.3.16.RELEASE.jar:/home/chinv/.gradle/caches/modules-2/files-2.1/org.springframework.boot/spring-boot/1.5.12.RELEASE/bc41c1da2bbb4eaebfc5b464b0a993ca8ef83156/spring-boot-1.5.12.RELEASE.jar:/home/chinv/.gradle/caches/modules-2/files-2.1/org.springframework.boot/spring-boot-autoconfigure/1.5.12.RELEASE/932ab2609793ebc00576cbae77085bb83e5c9008/spring-boot-autoconfigure-1.5.12.RELEASE.jar:/home/chinv/.gradle/caches/modules-2/files-2.1/org.springframework.boot/spring-boot-starter-logging/1.5.12.RELEASE/88b9a16ff87f0a7faec7848e9a5626ffbbac588f/spring-boot-starter-logging-1.5.12.RELEASE.jar:/home/chinv/.gradle/caches/modules-2/files-2.1/org.yaml/snakeyaml/1.17/7a27ea250c5130b2922b86dea63cbb1cc10a660c/snakeyaml-1.17.jar:/home/chinv/.gradle/caches/modules-2/files-2.1/org.apache.tomcat.embed/tomcat-embed-core/8.5.29/51eac5adde4bc019261b787cb99e5548206908e6/tomcat-embed-core-8.5.29.jar:/home/chinv/.gradle/caches/modules-2/files-2.1/org.apache.tomcat.embed/tomcat-embed-el/8.5.29/893fb2c87ec1aa248a7911d76c0c06b3fca6bc9b/tomcat-embed-el-8.5.29.jar:/home/chinv/.gradle/caches/modules-2/files-2.1/org.apache.tomcat.embed/tomcat-embed-websocket/8.5.29/37786f4ca8a1597a91a0f437e659a76d1fcc5bf1/tomcat-embed-websocket-8.5.29.jar:/home/chinv/.gradle/caches/modules-2/files-2.1/javax.validation/validation-api/1.1.0.Final/8613ae82954779d518631e05daa73a6a954817d5/validation-api-1.1.0.Final.jar:/home/chinv/.gradle/caches/modules-2/files-2.1/org.jboss.logging/jboss-logging/3.3.2.Final/3789d00e859632e6c6206adc0c71625559e6e3b0/jboss-logging-3.3.2.Final.jar:/home/chinv/.gradle/caches/modules-2/files-2.1/com.fasterxml/classmate/1.3.4/3d5f48f10bbe4eb7bd862f10c0583be2e0053c6/classmate-1.3.4.jar:/home/chinv/.gradle/caches/modules-2/files-2.1/com.fasterxml.jackson.core/jackson-annotations/2.8.0/45b426f7796b741035581a176744d91090e2e6fb/jackson-annotations-2.8.0.jar:/home/chinv/.gradle/caches/modules-2/files-2.1/com.fasterxml.jackson.core/jackson-core/2.8.11/876ead1db19f0c9e79c9789273a3ef8c6fd6c29b/jackson-core-2.8.11.jar:/home/chinv/.gradle/caches/modules-2/files-2.1/org.springframework/spring-aop/4.3.16.RELEASE/2c74e87bbf99e7cb6903046e19345a04f843d817/spring-aop-4.3.16.RELEASE.jar:/home/chinv/.gradle/caches/modules-2/files-2.1/org.springframework/spring-beans/4.3.16.RELEASE/2a0cb663069001e0b210d509f7b1904888557e63/spring-beans-4.3.16.RELEASE.jar:/home/chinv/.gradle/caches/modules-2/files-2.1/org.springframework/spring-context/4.3.16.RELEASE/b56bbfb12b8c388443589fc5d4f2f0f1774dc44d/spring-context-4.3.16.RELEASE.jar:/home/chinv/.gradle/caches/modules-2/files-2.1/org.springframework/spring-expression/4.3.16.RELEASE/f69b403faa1dd97df212217aece1ad3497dfdf2c/spring-expression-4.3.16.RELEASE.jar:/home/chinv/.gradle/caches/modules-2/files-2.1/org.aspectj/aspectjweaver/1.8.13/ad94df2a28d658a40dc27bbaff6a1ce5fbf04e9b/aspectjweaver-1.8.13.jar:/home/chinv/.gradle/caches/modules-2/files-2.1/org.apache.tomcat/tomcat-jdbc/8.5.29/5fc2bee83633735b31831b7fffa13040100b5eae/tomcat-jdbc-8.5.29.jar:/home/chinv/.gradle/caches/modules-2/files-2.1/org.springframework/spring-jdbc/4.3.16.RELEASE/cf5cd0a29f58cdcd572a97b3becdb7a9ba970363/spring-jdbc-4.3.16.RELEASE.jar:/home/chinv/.gradle/caches/modules-2/files-2.1/org.hibernate.javax.persistence/hibernate-jpa-2.1-api/1.0.0.Final/5e731d961297e5a07290bfaf3db1fbc8bbbf405a/hibernate-jpa-2.1-api-1.0.0.Final.jar:/home/chinv/.gradle/caches/modules-2/files-2.1/org.javassist/javassist/3.21.0-GA/598244f595db5c5fb713731eddbb1c91a58d959b/javassist-3.21.0-GA.jar:/home/chinv/.gradle/caches/modules-2/files-2.1/antlr/antlr/2.7.7/83cd2cd674a217ade95a4bb83a8a14f351f48bd0/antlr-2.7.7.jar:/home/chinv/.gradle/caches/modules-2/files-2.1/org.jboss/jandex/2.0.0.Final/3e899258936f94649c777193e1be846387ed54b3/jandex-2.0.0.Final.jar:/home/chinv/.gradle/caches/modules-2/files-2.1/dom4j/dom4j/1.6.1/5d3ccc056b6f056dbf0dddfdf43894b9065a8f94/dom4j-1.6.1.jar:/home/chinv/.gradle/caches/modules-2/files-2.1/org.hibernate.common/hibernate-commons-annotations/5.0.1.Final/71e1cff3fcb20d3b3af4f3363c3ddb24d33c6879/hibernate-commons-annotations-5.0.1.Final.jar:/home/chinv/.gradle/caches/modules-2/files-2.1/org.springframework.data/spring-data-commons/1.13.11.RELEASE/481434bd66c1cf6ff72902a89ad778156e924382/spring-data-commons-1.13.11.RELEASE.jar:/home/chinv/.gradle/caches/modules-2/files-2.1/org.springframework/spring-orm/4.3.16.RELEASE/9cbd490a3839d5f3d91731bf15593383ca0544f5/spring-orm-4.3.16.RELEASE.jar:/home/chinv/.gradle/caches/modules-2/files-2.1/org.springframework/spring-tx/4.3.16.RELEASE/459e1741827ea59775c4e322d5964714065bed42/spring-tx-4.3.16.RELEASE.jar:/home/chinv/.gradle/caches/modules-2/files-2.1/org.slf4j/slf4j-api/1.7.25/da76ca59f6a57ee3102f8f9bd9cee742973efa8a/slf4j-api-1.7.25.jar:/home/chinv/.gradle/caches/modules-2/files-2.1/org.slf4j/jcl-over-slf4j/1.7.25/f8c32b13ff142a513eeb5b6330b1588dcb2c0461/jcl-over-slf4j-1.7.25.jar:/home/chinv/.gradle/caches/modules-2/files-2.1/org.springframework.retry/spring-retry/1.2.2.RELEASE/638928732585c450e461f0a132b6834ad7cf3af0/spring-retry-1.2.2.RELEASE.jar:/home/chinv/.gradle/caches/modules-2/files-2.1/com.rabbitmq/http-client/1.1.1.RELEASE/a3c71766981a70137aa4570e3830c542a7631d3e/http-client-1.1.1.RELEASE.jar:/home/chinv/.gradle/caches/modules-2/files-2.1/com.rabbitmq/amqp-client/4.0.3/d60d606e214b98c7d4a7e7f96d20b6aec569d7a3/amqp-client-4.0.3.jar:/home/chinv/.gradle/caches/modules-2/files-2.1/org.springframework.amqp/spring-amqp/1.7.7.RELEASE/9484be9392e48ec5d96c411b275eb9be58bef024/spring-amqp-1.7.7.RELEASE.jar:/home/chinv/.gradle/caches/modules-2/files-2.1/net.minidev/json-smart/2.2.1/5b9e5df7a62d1279b70dc882b041d249c4f0b002/json-smart-2.2.1.jar:/home/chinv/.gradle/caches/modules-2/files-2.1/org.objenesis/objenesis/2.1/87c0ea803b69252868d09308b4618f766f135a96/objenesis-2.1.jar:/home/chinv/.gradle/caches/modules-2/files-2.1/com.vaadin.external.google/android-json/0.0.20131108.vaadin1/fa26d351fe62a6a17f5cda1287c1c6110dec413f/android-json-0.0.20131108.vaadin1.jar:/home/chinv/.gradle/caches/modules-2/files-2.1/ch.qos.logback/logback-classic/1.1.11/ccedfbacef4a6515d2983e3f89ed753d5d4fb665/logback-classic-1.1.11.jar:/home/chinv/.gradle/caches/modules-2/files-2.1/org.slf4j/jul-to-slf4j/1.7.25/af5364cd6679bfffb114f0dec8a157aaa283b76/jul-to-slf4j-1.7.25.jar:/home/chinv/.gradle/caches/modules-2/files-2.1/org.slf4j/log4j-over-slf4j/1.7.25/a87bb47468f47ee7aabbd54f93e133d4215769c3/log4j-over-slf4j-1.7.25.jar:/home/chinv/.gradle/caches/modules-2/files-2.1/org.apache.tomcat/tomcat-annotations-api/8.5.29/5505a72b5e7d6c2324d3f104cdd613a5770b4601/tomcat-annotations-api-8.5.29.jar:/home/chinv/.gradle/caches/modules-2/files-2.1/org.apache.tomcat/tomcat-juli/8.5.29/61b2514e169d96c7f5c2e1a9cf6901b493fb2301/tomcat-juli-8.5.29.jar:/home/chinv/.gradle/caches/modules-2/files-2.1/org.apache.httpcomponents/httpclient/4.5.5/1603dfd56ebcd583ccdf337b6c3984ac55d89e58/httpclient-4.5.5.jar:/home/chinv/.gradle/caches/modules-2/files-2.1/net.minidev/accessors-smart/1.1/a527213f2fea112a04c9bdf0ec0264e34104cd08/accessors-smart-1.1.jar:/home/chinv/.gradle/caches/modules-2/files-2.1/ch.qos.logback/logback-core/1.1.11/88b8df40340eed549fb07e2613879bf6b006704d/logback-core-1.1.11.jar:/home/chinv/.gradle/caches/modules-2/files-2.1/org.apache.httpcomponents/httpcore/4.4.9/a86ce739e5a7175b4b234c290a00a5fdb80957a0/httpcore-4.4.9.jar:/home/chinv/.gradle/caches/modules-2/files-2.1/commons-codec/commons-codec/1.10/4b95f4897fa13f2cd904aee711aeafc0c5295cd8/commons-codec-1.10.jar:/home/chinv/.gradle/caches/modules-2/files-2.1/org.ow2.asm/asm/5.0.3/dcc2193db20e19e1feca8b1240dbbc4e190824fa/asm-5.0.3.jar, user.name=chinv, java.vm.specification.version=1.8, sun.java.command=worker.org.gradle.process.internal.worker.GradleWorkerMain 'Gradle Test Executor 1', java.home=/usr/lib/jvm/java-8-oracle/jre, sun.arch.data.model=64, user.language=en, java.specification.vendor=Oracle Corporation, awt.toolkit=sun.awt.X11.XToolkit, java.vm.info=mixed mode, java.version=1.8.0_161, java.ext.dirs=/usr/lib/jvm/java-8-oracle/jre/lib/ext:/usr/java/packages/lib/ext, sun.boot.class.path=/usr/lib/jvm/java-8-oracle/jre/lib/resources.jar:/usr/lib/jvm/java-8-oracle/jre/lib/rt.jar:/usr/lib/jvm/java-8-oracle/jre/lib/sunrsasign.jar:/usr/lib/jvm/java-8-oracle/jre/lib/jsse.jar:/usr/lib/jvm/java-8-oracle/jre/lib/jce.jar:/usr/lib/jvm/java-8-oracle/jre/lib/charsets.jar:/usr/lib/jvm/java-8-oracle/jre/lib/jfr.jar:/usr/lib/jvm/java-8-oracle/jre/classes, java.vendor=Oracle Corporation, org.gradle.test.worker=1, file.separator=/, java.vendor.url.bug=http://bugreport.sun.com/bugreport/, sun.io.unicode.encoding=UnicodeLittle, sun.cpu.endian=little, sun.desktop=gnome, sun.cpu.isalist=}}, SystemEnvironmentPropertySource@994632311 {name='systemEnvironment', properties={PATH=/home/chinv/bin:/home/chinv/.local/bin:/usr/local/sbin:/usr/local/bin:/usr/sbin:/usr/bin:/sbin:/bin:/usr/games:/usr/local/games:/snap/bin, LC_MEASUREMENT=en_US.UTF-8, XAUTHORITY=/home/chinv/.Xauthority, XMODIFIERS=@im=fcitx, LC_TELEPHONE=en_US.UTF-8, XDG_DATA_DIRS=/usr/share/ubuntu:/usr/share/gnome:/usr/local/share:/usr/share:/var/lib/snapd/desktop:/var/lib/snapd/desktop, GDMSESSION=ubuntu, MANDATORY_PATH=/usr/share/gconf/ubuntu.mandatory.path, LC_TIME=en_US.UTF-8, PAPERSIZE=letter, GTK_IM_MODULE=fcitx, DBUS_SESSION_BUS_ADDRESS=unix:abstract=/tmp/dbus-TDp5pyKyx3, DEFAULTS_PATH=/usr/share/gconf/ubuntu.default.path, XDG_CURRENT_DESKTOP=Unity, LD_LIBRARY_PATH=/home/chinv/dev/tools/idea-IC/bin:, UPSTART_SESSION=unix:abstract=/com/ubuntu/upstart-session/1000/1434, QT4_IM_MODULE=fcitx, LC_PAPER=en_US.UTF-8, QT_LINUX_ACCESSIBILITY_ALWAYS_ON=1, LOGNAME=chinv, JOB=unity-settings-daemon, PWD=/home/chinv, IM_CONFIG_PHASE=1, LANGUAGE=en_US:en, SHELL=/bin/bash, LC_ADDRESS=en_US.UTF-8, UNITY_HAS_3D_SUPPORT=true, GIO_LAUNCHED_DESKTOP_FILE=/home/chinv/.local/share/applications/jetbrains-idea-ce.desktop, INSTANCE=, GTK2_MODULES=overlay-scrollbar, OLDPWD=/home/chinv/dev/tools/idea-IC/bin, UPSTART_INSTANCE=, GNOME_DESKTOP_SESSION_ID=this-is-deprecated, GTK_MODULES=gail:atk-bridge:unity-gtk-module, CLUTTER_IM_MODULE=xim, XDG_SESSION_PATH=/org/freedesktop/DisplayManager/Session0, COMPIZ_BIN_PATH=/usr/bin/, SESSIONTYPE=gnome-session, XDG_SESSION_DESKTOP=ubuntu, SHLVL=0, LC_IDENTIFICATION=en_US.UTF-8, LC_MONETARY=en_US.UTF-8, COMPIZ_CONFIG_PROFILE=ubuntu, QT_IM_MODULE=fcitx, UPSTART_JOB=unity7, JAVA_HOME=/usr/lib/jvm/java-8-oracle, XDG_CONFIG_DIRS=/etc/xdg/xdg-ubuntu:/usr/share/upstart/xdg:/etc/xdg, GNOME_KEYRING_CONTROL=, LANG=en_US.UTF-8, XDG_SEAT_PATH=/org/freedesktop/DisplayManager/Seat0, XDG_SESSION_ID=c2, XDG_SESSION_TYPE=x11, DISPLAY=:0, UNITY_DEFAULT_PROFILE=unity, LC_NAME=en_US.UTF-8, GDM_LANG=en_US, XDG_GREETER_DATA_DIR=/var/lib/lightdm-data/chinv, UPSTART_EVENTS=xsession started, GPG_AGENT_INFO=/home/chinv/.gnupg/S.gpg-agent:0:1, DESKTOP_SESSION=ubuntu, SESSION=ubuntu, USER=chinv, XDG_MENU_PREFIX=gnome-, GIO_LAUNCHED_DESKTOP_FILE_PID=3094, QT_ACCESSIBILITY=1, LC_NUMERIC=en_US.UTF-8, SSH_AUTH_SOCK=/run/user/1000/keyring/ssh, XDG_SEAT=seat0, QT_QPA_PLATFORMTHEME=appmenu-qt5, XDG_VTNR=7, XDG_RUNTIME_DIR=/run/user/1000, HOME=/home/chinv, GNOME_KEYRING_PID=}}]
21:58:03.371 [Test worker] DEBUG org.springframework.core.env.MutablePropertySources - Adding PropertySource 'inline' with highest search precedence
21:58:03.378 [Test worker] DEBUG org.springframework.test.context.support.TestPropertySourceUtils - Adding inlined properties to environment: {spring.jmx.enabled=false, org.springframework.boot.test.context.SpringBootTestContextBootstrapper=true, server.port=-1}
21:58:03.379 [Test worker] DEBUG org.springframework.core.env.StandardEnvironment - Adding PropertySource 'Inlined Test Properties' with highest search precedence

  .   ____          _            __ _ _
 /\\ / ___'_ __ _ _(_)_ __  __ _ \ \ \ \
( ( )\___ | '_ | '_| | '_ \/ _` | \ \ \ \
 \\/  ___)| |_)| | | | | || (_| |  ) ) ) )
  '  |____| .__|_| |_|_| |_\__, | / / / /
 =========|_|==============|___/=/_/_/_/
 :: Spring Boot ::       (v1.5.12.RELEASE)

2018-04-23 21:58:03.683  INFO 9538 --- [    Test worker] e.m.SocialMultiplicationApplicationTests : Starting SocialMultiplicationApplicationTests on 8570wu with PID 9538 (started by chinv in /home/chinv/dev/learn/microservice)
2018-04-23 21:58:03.692  INFO 9538 --- [    Test worker] e.m.SocialMultiplicationApplicationTests : No active profile set, falling back to default profiles: default
2018-04-23 21:58:03.752  INFO 9538 --- [    Test worker] o.s.w.c.s.GenericWebApplicationContext   : Refreshing org.springframework.web.context.support.GenericWebApplicationContext@1c118cc9: startup date [Mon Apr 23 21:58:03 ICT 2018]; root of context hierarchy
2018-04-23 21:58:05.459  INFO 9538 --- [    Test worker] trationDelegate$BeanPostProcessorChecker : Bean 'org.springframework.amqp.rabbit.annotation.RabbitBootstrapConfiguration' of type [org.springframework.amqp.rabbit.annotation.RabbitBootstrapConfiguration$$EnhancerBySpringCGLIB$$567b69b6] is not eligible for getting processed by all BeanPostProcessors (for example: not eligible for auto-proxying)
2018-04-23 21:58:05.595  INFO 9538 --- [    Test worker] trationDelegate$BeanPostProcessorChecker : Bean 'org.springframework.transaction.annotation.ProxyTransactionManagementConfiguration' of type [org.springframework.transaction.annotation.ProxyTransactionManagementConfiguration$$EnhancerBySpringCGLIB$$900fab88] is not eligible for getting processed by all BeanPostProcessors (for example: not eligible for auto-proxying)
2018-04-23 21:58:06.501  INFO 9538 --- [    Test worker] j.LocalContainerEntityManagerFactoryBean : Building JPA container EntityManagerFactory for persistence unit 'default'
2018-04-23 21:58:06.528  INFO 9538 --- [    Test worker] o.hibernate.jpa.internal.util.LogHelper  : HHH000204: Processing PersistenceUnitInfo [
	name: default
	...]
2018-04-23 21:58:06.713  INFO 9538 --- [    Test worker] org.hibernate.Version                    : HHH000412: Hibernate Core {5.0.12.Final}
2018-04-23 21:58:06.716  INFO 9538 --- [    Test worker] org.hibernate.cfg.Environment            : HHH000206: hibernate.properties not found
2018-04-23 21:58:06.718  INFO 9538 --- [    Test worker] org.hibernate.cfg.Environment            : HHH000021: Bytecode provider name : javassist
2018-04-23 21:58:06.768  INFO 9538 --- [    Test worker] o.hibernate.annotations.common.Version   : HCANN000001: Hibernate Commons Annotations {5.0.1.Final}
2018-04-23 21:58:06.907  INFO 9538 --- [    Test worker] org.hibernate.dialect.Dialect            : HHH000400: Using dialect: org.hibernate.dialect.H2Dialect
2018-04-23 21:58:07.468  INFO 9538 --- [    Test worker] org.hibernate.tool.hbm2ddl.SchemaUpdate  : HHH000228: Running hbm2ddl schema update
2018-04-23 21:58:07.509  INFO 9538 --- [    Test worker] rmationExtractorJdbcDatabaseMetaDataImpl : HHH000262: Table not found: multiplication
2018-04-23 21:58:07.521  INFO 9538 --- [    Test worker] rmationExtractorJdbcDatabaseMetaDataImpl : HHH000262: Table not found: multiplication
2018-04-23 21:58:07.547  INFO 9538 --- [    Test worker] rmationExtractorJdbcDatabaseMetaDataImpl : HHH000262: Table not found: multiplication_result_attempt
2018-04-23 21:58:07.554  INFO 9538 --- [    Test worker] rmationExtractorJdbcDatabaseMetaDataImpl : HHH000262: Table not found: multiplication_result_attempt
2018-04-23 21:58:07.568  INFO 9538 --- [    Test worker] rmationExtractorJdbcDatabaseMetaDataImpl : HHH000262: Table not found: user
2018-04-23 21:58:07.574  INFO 9538 --- [    Test worker] rmationExtractorJdbcDatabaseMetaDataImpl : HHH000262: Table not found: user
2018-04-23 21:58:07.675  INFO 9538 --- [    Test worker] j.LocalContainerEntityManagerFactoryBean : Initialized JPA EntityManagerFactory for persistence unit 'default'
2018-04-23 21:58:08.859  INFO 9538 --- [    Test worker] s.w.s.m.m.a.RequestMappingHandlerAdapter : Looking for @ControllerAdvice: org.springframework.web.context.support.GenericWebApplicationContext@1c118cc9: startup date [Mon Apr 23 21:58:03 ICT 2018]; root of context hierarchy
2018-04-23 21:58:08.988  INFO 9538 --- [    Test worker] s.w.s.m.m.a.RequestMappingHandlerMapping : Mapped "{[/multiplications/random],methods=[GET]}" onto public com.example.multiplication.domain.Multiplication com.example.multiplication.controller.MultiplicationController.getRandomMultiplication()
2018-04-23 21:58:08.994  INFO 9538 --- [    Test worker] s.w.s.m.m.a.RequestMappingHandlerMapping : Mapped "{[/results],methods=[POST]}" onto org.springframework.http.ResponseEntity<com.example.multiplication.domain.MultiplicationResultAttempt> com.example.multiplication.controller.MultiplicationResultAttemptController.postResult(com.example.multiplication.domain.MultiplicationResultAttempt)
2018-04-23 21:58:08.995  INFO 9538 --- [    Test worker] s.w.s.m.m.a.RequestMappingHandlerMapping : Mapped "{[/results],methods=[GET]}" onto org.springframework.http.ResponseEntity<java.util.List<com.example.multiplication.domain.MultiplicationResultAttempt>> com.example.multiplication.controller.MultiplicationResultAttemptController.getStatistics(java.lang.String)
2018-04-23 21:58:08.999  INFO 9538 --- [    Test worker] s.w.s.m.m.a.RequestMappingHandlerMapping : Mapped "{[/error],produces=[text/html]}" onto public org.springframework.web.servlet.ModelAndView org.springframework.boot.autoconfigure.web.BasicErrorController.errorHtml(javax.servlet.http.HttpServletRequest,javax.servlet.http.HttpServletResponse)
2018-04-23 21:58:09.000  INFO 9538 --- [    Test worker] s.w.s.m.m.a.RequestMappingHandlerMapping : Mapped "{[/error]}" onto public org.springframework.http.ResponseEntity<java.util.Map<java.lang.String, java.lang.Object>> org.springframework.boot.autoconfigure.web.BasicErrorController.error(javax.servlet.http.HttpServletRequest)
2018-04-23 21:58:09.075  INFO 9538 --- [    Test worker] o.s.w.s.handler.SimpleUrlHandlerMapping  : Mapped URL path [/webjars/**] onto handler of type [class org.springframework.web.servlet.resource.ResourceHttpRequestHandler]
2018-04-23 21:58:09.076  INFO 9538 --- [    Test worker] o.s.w.s.handler.SimpleUrlHandlerMapping  : Mapped URL path [/**] onto handler of type [class org.springframework.web.servlet.resource.ResourceHttpRequestHandler]
2018-04-23 21:58:09.158  INFO 9538 --- [    Test worker] o.s.w.s.handler.SimpleUrlHandlerMapping  : Mapped URL path [/**/favicon.ico] onto handler of type [class org.springframework.web.servlet.resource.ResourceHttpRequestHandler]
2018-04-23 21:58:09.207  INFO 9538 --- [    Test worker] oConfiguration$WelcomePageHandlerMapping : Adding welcome page: ServletContext resource [/index.html]
2018-04-23 21:58:09.789  INFO 9538 --- [    Test worker] o.s.c.support.DefaultLifecycleProcessor  : Starting beans in phase 2147483647
2018-04-23 21:58:09.820  INFO 9538 --- [    Test worker] e.m.SocialMultiplicationApplicationTests : Started SocialMultiplicationApplicationTests in 6.432 seconds (JVM running for 7.815)
]]></system-out>
  <system-err><![CDATA[]]></system-err>
</testsuite>
